  bruh moment.cpp
C:\Users\Addis\Documents\00_YNWA\code\python\opencv-frc-scouting\bruh moment\bruh moment\bruh moment.cpp(24,51): warning C4244: 'argument': conversion from 'int' to '_Tp', possible loss of data
          with
          [
              _Tp=float
          ]
C:\Users\Addis\Documents\00_YNWA\code\python\opencv-frc-scouting\bruh moment\bruh moment\bruh moment.cpp(24,48): warning C4244: 'argument': conversion from 'int' to '_Tp', possible loss of data
          with
          [
              _Tp=float
          ]
C:\Users\Addis\Documents\00_YNWA\code\python\opencv-frc-scouting\bruh moment\bruh moment\bruh moment.cpp(64,22): warning C4267: 'initializing': conversion from 'size_t' to 'int', possible loss of data
C:\Users\Addis\Documents\00_YNWA\code\python\opencv-frc-scouting\bruh moment\bruh moment\bruh moment.cpp(67,61): warning C4244: 'argument': conversion from 'int' to '_Tp', possible loss of data
          with
          [
              _Tp=float
          ]
C:\Users\Addis\Documents\00_YNWA\code\python\opencv-frc-scouting\bruh moment\bruh moment\bruh moment.cpp(67,45): warning C4244: 'argument': conversion from 'int' to '_Tp', possible loss of data
          with
          [
              _Tp=float
          ]
  bruh moment.vcxproj -> C:\Users\Addis\Documents\00_YNWA\code\python\opencv-frc-scouting\bruh moment\x64\Debug\bruh moment.exe
